2024-08-29 17:11:06,522 INFO request method GET
2024-08-29 17:11:06,522 INFO request path_info /
2024-08-29 17:11:06,545 INFO response status_code 404
2024-08-29 17:11:06,546 WARNING Not Found: /
2024-08-29 17:11:06,734 INFO request method GET
2024-08-29 17:11:06,735 INFO request path_info /favicon.ico
2024-08-29 17:11:06,743 INFO response status_code 404
2024-08-29 17:11:06,744 WARNING Not Found: /favicon.ico
2024-08-29 17:11:10,033 INFO request method GET
2024-08-29 17:11:10,033 INFO request path_info /admin/
2024-08-29 17:11:10,053 INFO response status_code 302
2024-08-29 17:11:10,056 INFO request method GET
2024-08-29 17:11:10,056 INFO request path_info /admin/login/
2024-08-29 17:11:10,086 INFO response status_code 200
2024-08-29 17:11:18,988 INFO request method GET
2024-08-29 17:11:18,988 INFO request path_info /admin/
2024-08-29 17:11:18,988 INFO response status_code 302
2024-08-29 17:11:18,991 INFO request method GET
2024-08-29 17:11:18,991 INFO request path_info /admin/login/
2024-08-29 17:11:18,996 INFO response status_code 200
2024-08-29 17:11:24,899 INFO request method GET
2024-08-29 17:11:24,900 INFO request path_info /api/list_products/
2024-08-29 17:11:24,906 ERROR settings.DATABASES is improperly configured. Please supply the ENGINE value. Check settings documentation for more details.
2024-08-29 17:11:24,906 INFO response status_code 200
2024-08-29 17:12:07,971 INFO request method GET
2024-08-29 17:12:07,972 INFO request path_info /api/list_products/
2024-08-29 17:12:07,973 ERROR settings.DATABASES is improperly configured. Please supply the ENGINE value. Check settings documentation for more details.
2024-08-29 17:12:07,973 INFO response status_code 200
2024-08-29 17:16:43,448 INFO request method GET
2024-08-29 17:16:43,448 INFO request path_info /api/list_products/
2024-08-29 17:16:43,449 ERROR settings.DATABASES is improperly configured. Please supply the ENGINE value. Check settings documentation for more details.
2024-08-29 17:16:43,449 INFO response status_code 200
